
10월 06, 2022 15:48:29.996 NEW SESSION
10월 06, 2022 15:48:29.996 [13796:8680:1006/154829.995:ERROR:device_event_log_impl.cc(214)] [15:48:29.995] Bluetooth: bluetooth_adapter_winrt.cc:1074 Getting Default Adapter failed.
10월 06, 2022 15:49:26.918 [13796:540:1006/154926.918:ERROR:util.cc(129)] Can't create base directory: C:\Program Files\Google\GoogleUpdater
10월 06, 2022 16:34:49.781 [13016:7808:1006/163449.781:ERROR:usb_descriptors.cc(114)] Failed to parse configuration descriptor.
10월 06, 2022 16:34:49.781 [13016:7808:1006/163449.781:ERROR:device_event_log_impl.cc(214)] [16:34:49.781] Bluetooth: bluetooth_adapter_winrt.cc:1074 Getting Default Adapter failed.
10월 06, 2022 16:35:45.454 [13016:13572:1006/163545.454:ERROR:util.cc(129)] Can't create base directory: C:\Program Files\Google\GoogleUpdater
10월 06, 2022 16:50:05.822 [16120:12172:1006/165005.822:ERROR:device_event_log_impl.cc(214)] [16:50:05.822] Bluetooth: bluetooth_adapter_winrt.cc:1074 Getting Default Adapter failed.
10월 06, 2022 16:51:02.751 [16120:1164:1006/165102.751:ERROR:util.cc(129)] Can't create base directory: C:\Program Files\Google\GoogleUpdater
10월 06, 2022 17:33:34.668 [16248:1920:1006/173334.667:ERROR:device_event_log_impl.cc(214)] [17:33:34.667] USB: usb_device_handle_win.cc:1048 Failed to read descriptor from node connection: 시스템에 부착된 장치가 작동하지 않습니다. (0x1F)
10월 06, 2022 17:33:34.668 [16248:1920:1006/173334.667:ERROR:usb_descriptors.cc(117)] Failed to read configuration descriptor.
10월 06, 2022 17:33:34.668 [16248:1920:1006/173334.667:ERROR:usb_descriptors.cc(100)] Failed to read all configuration descriptors. Expected 1, got 0.
10월 06, 2022 17:33:34.668 [16248:1920:1006/173334.667:ERROR:device_event_log_impl.cc(214)] [17:33:34.667] USB: usb_device_win.cc:96 Failed to read descriptors from \\?\usb#vid_275d&pid_0ba6#6&df2ee03&0&4#{a5dcbf10-6530-11d2-901f-00c04fb951ed}.
10월 06, 2022 17:33:34.674 [16248:1920:1006/173334.674:ERROR:device_event_log_impl.cc(214)] [17:33:34.674] Bluetooth: bluetooth_adapter_winrt.cc:1074 Getting Default Adapter failed.
10월 06, 2022 17:51:24.57 [7192:6496:1006/175124.057:ERROR:device_event_log_impl.cc(214)] [17:51:24.057] Bluetooth: bluetooth_adapter_winrt.cc:1074 Getting Default Adapter failed.
10월 06, 2022 17:52:19.678 [7192:7264:1006/175219.678:ERROR:util.cc(129)] Can't create base directory: C:\Program Files\Google\GoogleUpdater
10월 06, 2022 17:55:07.26 [15340:10960:1006/175507.026:ERROR:device_event_log_impl.cc(214)] [17:55:07.026] USB: usb_device_handle_win.cc:1048 Failed to read descriptor from node connection: 시스템에 부착된 장치가 작동하지 않습니다. (0x1F)
10월 06, 2022 17:55:07.26 [15340:10960:1006/175507.026:ERROR:usb_descriptors.cc(117)] Failed to read configuration descriptor.
10월 06, 2022 17:55:07.26 [15340:10960:1006/175507.026:ERROR:usb_descriptors.cc(100)] Failed to read all configuration descriptors. Expected 1, got 0.
10월 06, 2022 17:55:07.26 [15340:10960:1006/175507.026:ERROR:device_event_log_impl.cc(214)] [17:55:07.026] USB: usb_device_win.cc:96 Failed to read descriptors from \\?\usb#vid_275d&pid_0ba6#6&df2ee03&0&4#{a5dcbf10-6530-11d2-901f-00c04fb951ed}.
10월 06, 2022 17:55:07.27 [15340:10960:1006/175507.026:ERROR:device_event_log_impl.cc(214)] [17:55:07.026] Bluetooth: bluetooth_adapter_winrt.cc:1074 Getting Default Adapter failed.
10월 06, 2022 17:56:06.399 [14484:11380:1006/175606.399:ERROR:device_event_log_impl.cc(214)] [17:56:06.399] Bluetooth: bluetooth_adapter_winrt.cc:1074 Getting Default Adapter failed.
10월 06, 2022 17:57:03.326 [14484:8140:1006/175703.326:ERROR:util.cc(129)] Can't create base directory: C:\Program Files\Google\GoogleUpdater

10월 08, 2022 08:32:14.339 NEW SESSION
10월 08, 2022 08:32:14.339 [4368:4688:1008/083214.338:ERROR:device_event_log_impl.cc(214)] [08:32:14.339] Bluetooth: bluetooth_adapter_winrt.cc:1074 Getting Default Adapter failed.
10월 08, 2022 08:32:42.90 [6300:13528:1008/083242.090:ERROR:device_event_log_impl.cc(214)] [08:32:42.089] Bluetooth: bluetooth_adapter_winrt.cc:1074 Getting Default Adapter failed.

10월 09, 2022 22:26:33.262 NEW SESSION
10월 09, 2022 22:26:33.262 [10940:4672:1009/222633.261:ERROR:device_event_log_impl.cc(214)] [22:26:33.262] Bluetooth: bluetooth_adapter_winrt.cc:1074 Getting Default Adapter failed.

10월 11, 2022 11:21:18.493 NEW SESSION
10월 11, 2022 11:21:18.493 [888:7372:1011/112118.492:ERROR:device_event_log_impl.cc(214)] [11:21:18.492] Bluetooth: bluetooth_adapter_winrt.cc:1074 Getting Default Adapter failed.
10월 11, 2022 11:22:14.270 [888:11996:1011/112214.270:ERROR:util.cc(129)] Can't create base directory: C:\Program Files\Google\GoogleUpdater
10월 11, 2022 11:52:15.756 [12880:8628:1011/115215.756:ERROR:device_event_log_impl.cc(214)] [11:52:15.757] Bluetooth: bluetooth_adapter_winrt.cc:1074 Getting Default Adapter failed.
10월 11, 2022 11:52:52.39 [12880:5588:1011/115252.039:ERROR:util.cc(129)] Can't create base directory: C:\Program Files\Google\GoogleUpdater

10월 11, 2022 12:41:31.471 NEW SESSION
10월 11, 2022 12:41:31.471 [13776:15312:1011/124131.470:ERROR:device_event_log_impl.cc(214)] [12:41:31.471] Bluetooth: bluetooth_adapter_winrt.cc:1074 Getting Default Adapter failed.
10월 11, 2022 12:42:28.664 [13776:8544:1011/124228.664:ERROR:util.cc(129)] Can't create base directory: C:\Program Files\Google\GoogleUpdater

10월 11, 2022 14:34:37.43 NEW SESSION
10월 11, 2022 14:34:37.44 [13308:14324:1011/143437.043:ERROR:device_event_log_impl.cc(214)] [14:34:37.042] Bluetooth: bluetooth_adapter_winrt.cc:1074 Getting Default Adapter failed.
10월 11, 2022 14:35:34.264 [13308:13708:1011/143534.264:ERROR:util.cc(129)] Can't create base directory: C:\Program Files\Google\GoogleUpdater
10월 11, 2022 14:50:42.708 [1444:9576:1011/145042.708:ERROR:device_event_log_impl.cc(214)] [14:50:42.708] Bluetooth: bluetooth_adapter_winrt.cc:1074 Getting Default Adapter failed.
10월 11, 2022 14:50:50.41 [8280:5552:1011/145050.041:ERROR:device_event_log_impl.cc(214)] [14:50:50.040] Bluetooth: bluetooth_adapter_winrt.cc:1074 Getting Default Adapter failed.
10월 11, 2022 14:51:47.863 [8280:9728:1011/145147.863:ERROR:util.cc(129)] Can't create base directory: C:\Program Files\Google\GoogleUpdater
10월 11, 2022 15:36:29.797 [5620:10524:1011/153629.797:ERROR:device_event_log_impl.cc(214)] [15:36:29.797] Bluetooth: bluetooth_adapter_winrt.cc:1074 Getting Default Adapter failed.
10월 11, 2022 15:36:36.815 [7112:11580:1011/153636.815:ERROR:device_event_log_impl.cc(214)] [15:36:36.815] Bluetooth: bluetooth_adapter_winrt.cc:1074 Getting Default Adapter failed.
10월 11, 2022 15:37:34.758 [7112:2228:1011/153734.758:ERROR:util.cc(129)] Can't create base directory: C:\Program Files\Google\GoogleUpdater

10월 12, 2022 09:40:37.460 NEW SESSION
10월 12, 2022 09:40:37.460 [9232:12020:1012/094037.459:ERROR:device_event_log_impl.cc(214)] [09:40:37.459] Bluetooth: bluetooth_adapter_winrt.cc:1074 Getting Default Adapter failed.
10월 12, 2022 09:41:35.377 [9232:11532:1012/094135.377:ERROR:util.cc(129)] Can't create base directory: C:\Program Files\Google\GoogleUpdater

10월 19, 2022 09:45:09.573 NEW SESSION
10월 19, 2022 09:45:09.573 [13784:7160:1019/094509.573:ERROR:device_event_log_impl.cc(214)] [09:45:09.579] Bluetooth: bluetooth_adapter_winrt.cc:1074 Getting Default Adapter failed.
10월 19, 2022 09:45:26.355 [15148:7052:1019/094526.355:ERROR:device_event_log_impl.cc(214)] [09:45:26.354] Bluetooth: bluetooth_adapter_winrt.cc:1074 Getting Default Adapter failed.
10월 19, 2022 09:46:24.202 [15148:13900:1019/094624.202:ERROR:util.cc(129)] Can't create base directory: C:\Program Files\Google\GoogleUpdater

10월 19, 2022 12:51:30.294 NEW SESSION
10월 19, 2022 12:51:30.294 [4348:1712:1019/125130.286:ERROR:device_event_log_impl.cc(214)] [12:51:30.287] Bluetooth: bluetooth_adapter_winrt.cc:1074 Getting Default Adapter failed.
10월 19, 2022 12:52:34.106 [1120:13040:1019/125234.105:ERROR:device_event_log_impl.cc(214)] [12:52:34.106] Bluetooth: bluetooth_adapter_winrt.cc:1074 Getting Default Adapter failed.

10월 19, 2022 12:55:05.711 NEW SESSION
10월 19, 2022 12:55:05.711 [1552:9536:1019/125505.710:ERROR:device_event_log_impl.cc(214)] [12:55:05.710] Bluetooth: bluetooth_adapter_winrt.cc:1074 Getting Default Adapter failed.
10월 19, 2022 12:55:13.173 [12808:14972:1019/125513.173:ERROR:device_event_log_impl.cc(214)] [12:55:13.173] Bluetooth: bluetooth_adapter_winrt.cc:1074 Getting Default Adapter failed.
10월 19, 2022 12:55:46.27 [9956:12128:1019/125546.027:ERROR:device_event_log_impl.cc(214)] [12:55:46.026] Bluetooth: bluetooth_adapter_winrt.cc:1074 Getting Default Adapter failed.
10월 19, 2022 12:56:41.110 [9956:224:1019/125641.110:ERROR:util.cc(129)] Can't create base directory: C:\Program Files\Google\GoogleUpdater
10월 19, 2022 13:05:48.301 [11500:11576:1019/130548.301:ERROR:device_event_log_impl.cc(214)] [13:05:48.300] Bluetooth: bluetooth_adapter_winrt.cc:1074 Getting Default Adapter failed.
10월 19, 2022 13:06:46.190 [11500:14360:1019/130646.190:ERROR:util.cc(129)] Can't create base directory: C:\Program Files\Google\GoogleUpdater
10월 19, 2022 13:08:24.142 [10148:15008:1019/130824.142:ERROR:device_event_log_impl.cc(214)] [13:08:24.142] Bluetooth: bluetooth_adapter_winrt.cc:1074 Getting Default Adapter failed.

10월 19, 2022 13:10:27.80 NEW SESSION
10월 19, 2022 13:10:27.80 [11132:11268:1019/131027.079:ERROR:device_event_log_impl.cc(214)] [13:10:27.079] Bluetooth: bluetooth_adapter_winrt.cc:1074 Getting Default Adapter failed.
10월 19, 2022 13:11:24.10 [11132:12064:1019/131124.010:ERROR:util.cc(129)] Can't create base directory: C:\Program Files\Google\GoogleUpdater
10월 19, 2022 14:15:32.105 [3728:6548:1019/141532.105:ERROR:device_event_log_impl.cc(214)] [14:15:32.105] Bluetooth: bluetooth_adapter_winrt.cc:1074 Getting Default Adapter failed.
10월 19, 2022 14:16:29.46 [3728:6268:1019/141629.046:ERROR:util.cc(129)] Can't create base directory: C:\Program Files\Google\GoogleUpdater

10월 19, 2022 14:22:17.58 NEW SESSION
10월 19, 2022 14:22:17.58 [12668:6528:1019/142217.057:ERROR:device_event_log_impl.cc(214)] [14:22:17.057] Bluetooth: bluetooth_adapter_winrt.cc:1074 Getting Default Adapter failed.
10월 19, 2022 14:23:13.981 [12668:10848:1019/142313.981:ERROR:util.cc(129)] Can't create base directory: C:\Program Files\Google\GoogleUpdater

10월 19, 2022 14:34:37.187 NEW SESSION
10월 19, 2022 14:34:37.187 [6276:3240:1019/143437.186:ERROR:device_event_log_impl.cc(214)] [14:34:37.185] Bluetooth: bluetooth_adapter_winrt.cc:1074 Getting Default Adapter failed.
10월 19, 2022 14:34:47.442 [12720:13236:1019/143447.442:ERROR:device_event_log_impl.cc(214)] [14:34:47.442] Bluetooth: bluetooth_adapter_winrt.cc:1074 Getting Default Adapter failed.
10월 19, 2022 14:37:06.934 [12556:10976:1019/143706.934:ERROR:device_event_log_impl.cc(214)] [14:37:06.934] Bluetooth: bluetooth_adapter_winrt.cc:1074 Getting Default Adapter failed.
10월 19, 2022 14:37:37.709 [6408:6780:1019/143737.709:ERROR:device_event_log_impl.cc(214)] [14:37:37.709] Bluetooth: bluetooth_adapter_winrt.cc:1074 Getting Default Adapter failed.
10월 19, 2022 14:38:35.562 [6408:11388:1019/143835.562:ERROR:util.cc(129)] Can't create base directory: C:\Program Files\Google\GoogleUpdater
10월 19, 2022 14:44:31.827 [12520:8460:1019/144431.827:ERROR:device_event_log_impl.cc(214)] [14:44:31.827] Bluetooth: bluetooth_adapter_winrt.cc:1074 Getting Default Adapter failed.
10월 19, 2022 14:45:21.43 [8528:14084:1019/144521.043:ERROR:device_event_log_impl.cc(214)] [14:45:21.043] Bluetooth: bluetooth_adapter_winrt.cc:1074 Getting Default Adapter failed.

10월 19, 2022 15:05:53.212 NEW SESSION
10월 19, 2022 15:05:53.212 [11200:13796:1019/150553.211:ERROR:device_event_log_impl.cc(214)] [15:05:53.210] Bluetooth: bluetooth_adapter_winrt.cc:1074 Getting Default Adapter failed.
10월 19, 2022 15:09:21.783 [12204:6416:1019/150921.783:ERROR:device_event_log_impl.cc(214)] [15:09:21.782] Bluetooth: bluetooth_adapter_winrt.cc:1074 Getting Default Adapter failed.
10월 19, 2022 15:09:33.844 [1980:10444:1019/150933.844:ERROR:device_event_log_impl.cc(214)] [15:09:33.844] Bluetooth: bluetooth_adapter_winrt.cc:1074 Getting Default Adapter failed.
10월 19, 2022 15:17:26.962 [3096:14772:1019/151726.961:ERROR:device_event_log_impl.cc(214)] [15:17:26.961] Bluetooth: bluetooth_adapter_winrt.cc:1074 Getting Default Adapter failed.
10월 19, 2022 15:18:37.149 [10580:7812:1019/151837.149:ERROR:device_event_log_impl.cc(214)] [15:18:37.149] Bluetooth: bluetooth_adapter_winrt.cc:1074 Getting Default Adapter failed.
10월 19, 2022 15:19:34.366 [10580:10608:1019/151934.366:ERROR:util.cc(129)] Can't create base directory: C:\Program Files\Google\GoogleUpdater

10월 19, 2022 15:36:53.85 NEW SESSION
10월 19, 2022 15:36:53.85 [10860:14240:1019/153653.084:ERROR:device_event_log_impl.cc(214)] [15:36:53.084] Bluetooth: bluetooth_adapter_winrt.cc:1074 Getting Default Adapter failed.
10월 19, 2022 15:37:50.00 [10860:11116:1019/153750.000:ERROR:util.cc(129)] Can't create base directory: C:\Program Files\Google\GoogleUpdater
10월 19, 2022 15:41:02.598 [9420:15340:1019/154102.598:ERROR:device_event_log_impl.cc(214)] [15:41:02.598] Bluetooth: bluetooth_adapter_winrt.cc:1074 Getting Default Adapter failed.

10월 19, 2022 15:46:08.688 NEW SESSION
10월 19, 2022 15:46:08.688 [5248:840:1019/154608.687:ERROR:device_event_log_impl.cc(214)] [15:46:08.687] Bluetooth: bluetooth_adapter_winrt.cc:1074 Getting Default Adapter failed.
10월 19, 2022 15:47:06.515 [5248:664:1019/154706.515:ERROR:util.cc(129)] Can't create base directory: C:\Program Files\Google\GoogleUpdater

10월 19, 2022 15:50:41.460 NEW SESSION
10월 19, 2022 15:50:41.460 [3264:13340:1019/155041.459:ERROR:device_event_log_impl.cc(214)] [15:50:41.460] Bluetooth: bluetooth_adapter_winrt.cc:1074 Getting Default Adapter failed.
10월 19, 2022 15:51:38.401 [3264:9164:1019/155138.401:ERROR:util.cc(129)] Can't create base directory: C:\Program Files\Google\GoogleUpdater
10월 19, 2022 15:53:52.296 [1064:13848:1019/155352.296:ERROR:device_event_log_impl.cc(214)] [15:53:52.295] Bluetooth: bluetooth_adapter_winrt.cc:1074 Getting Default Adapter failed.
10월 19, 2022 15:54:50.95 [1064:9540:1019/155450.095:ERROR:util.cc(129)] Can't create base directory: C:\Program Files\Google\GoogleUpdater
10월 19, 2022 15:58:05.140 [10392:2416:1019/155805.139:ERROR:device_event_log_impl.cc(214)] [15:58:05.139] Bluetooth: bluetooth_adapter_winrt.cc:1074 Getting Default Adapter failed.
10월 19, 2022 16:00:53.991 [5956:13896:1019/160053.990:ERROR:device_event_log_impl.cc(214)] [16:00:53.990] Bluetooth: bluetooth_adapter_winrt.cc:1074 Getting Default Adapter failed.

10월 19, 2022 16:01:33.954 NEW SESSION
10월 19, 2022 16:01:33.954 [13496:14648:1019/160133.953:ERROR:device_event_log_impl.cc(214)] [16:01:33.954] Bluetooth: bluetooth_adapter_winrt.cc:1074 Getting Default Adapter failed.
10월 19, 2022 16:02:41.233 [4344:712:1019/160241.232:ERROR:device_event_log_impl.cc(214)] [16:02:41.233] Bluetooth: bluetooth_adapter_winrt.cc:1074 Getting Default Adapter failed.
10월 19, 2022 16:42:29.924 [1756:3728:1019/164229.924:ERROR:device_event_log_impl.cc(214)] [16:42:29.923] Bluetooth: bluetooth_adapter_winrt.cc:1074 Getting Default Adapter failed.
10월 19, 2022 16:44:38.601 [7344:11752:1019/164438.601:ERROR:device_event_log_impl.cc(214)] [16:44:38.601] Bluetooth: bluetooth_adapter_winrt.cc:1074 Getting Default Adapter failed.
10월 19, 2022 17:05:03.500 [14540:10312:1019/170503.500:ERROR:device_event_log_impl.cc(214)] [17:05:03.500] Bluetooth: bluetooth_adapter_winrt.cc:1074 Getting Default Adapter failed.

10월 25, 2022 10:16:15.638 NEW SESSION
10월 25, 2022 10:16:15.638 [10368:11328:1025/101615.637:ERROR:device_event_log_impl.cc(214)] [10:16:15.637] Bluetooth: bluetooth_adapter_winrt.cc:1074 Getting Default Adapter failed.
10월 25, 2022 10:17:12.244 [10368:14736:1025/101712.244:ERROR:util.cc(129)] Can't create base directory: C:\Program Files\Google\GoogleUpdater

10월 26, 2022 08:23:42.74 NEW SESSION
10월 26, 2022 08:23:42.74 [10336:8704:1026/082342.074:ERROR:device_event_log_impl.cc(214)] [08:23:42.074] Bluetooth: bluetooth_adapter_winrt.cc:1074 Getting Default Adapter failed.

10월 26, 2022 17:54:34.107 NEW SESSION
10월 26, 2022 17:54:34.107 [8548:11488:1026/175434.106:ERROR:device_event_log_impl.cc(214)] [17:54:34.106] Bluetooth: bluetooth_adapter_winrt.cc:1074 Getting Default Adapter failed.
10월 26, 2022 17:55:31.259 [8548:13868:1026/175531.259:ERROR:util.cc(129)] Can't create base directory: C:\Program Files\Google\GoogleUpdater

10월 28, 2022 11:49:26.771 NEW SESSION
10월 28, 2022 11:49:26.771 [11296:8436:1028/114926.770:ERROR:device_event_log_impl.cc(214)] [11:49:26.770] Bluetooth: bluetooth_adapter_winrt.cc:1074 Getting Default Adapter failed.
10월 28, 2022 11:50:23.08 [11296:9528:1028/115023.008:ERROR:util.cc(129)] Can't create base directory: C:\Program Files\Google\GoogleUpdater
10월 28, 2022 11:54:27.906 [4376:7260:1028/115427.906:ERROR:device_event_log_impl.cc(214)] [11:54:27.906] Bluetooth: bluetooth_adapter_winrt.cc:1074 Getting Default Adapter failed.
10월 28, 2022 11:55:25.393 [4376:13820:1028/115525.393:ERROR:util.cc(129)] Can't create base directory: C:\Program Files\Google\GoogleUpdater
10월 28, 2022 12:11:00.611 [3532:12108:1028/121100.611:ERROR:device_event_log_impl.cc(214)] [12:11:00.611] Bluetooth: bluetooth_adapter_winrt.cc:1074 Getting Default Adapter failed.
10월 28, 2022 12:11:57.936 [3532:14564:1028/121157.936:ERROR:util.cc(129)] Can't create base directory: C:\Program Files\Google\GoogleUpdater
10월 28, 2022 12:14:54.323 [1188:10148:1028/121454.323:ERROR:device_event_log_impl.cc(214)] [12:14:54.323] Bluetooth: bluetooth_adapter_winrt.cc:1074 Getting Default Adapter failed.
10월 28, 2022 12:15:50.222 [1188:5388:1028/121550.222:ERROR:util.cc(129)] Can't create base directory: C:\Program Files\Google\GoogleUpdater
10월 28, 2022 12:55:40.116 [1672:1260:1028/125540.116:ERROR:device_event_log_impl.cc(214)] [12:55:40.116] Bluetooth: bluetooth_adapter_winrt.cc:1074 Getting Default Adapter failed.
10월 28, 2022 12:56:36.544 [1672:2316:1028/125636.544:ERROR:util.cc(129)] Can't create base directory: C:\Program Files\Google\GoogleUpdater
10월 28, 2022 13:08:18.820 [4576:13460:1028/130818.820:ERROR:device_event_log_impl.cc(214)] [13:08:18.820] Bluetooth: bluetooth_adapter_winrt.cc:1074 Getting Default Adapter failed.
10월 28, 2022 13:09:16.321 [4576:14228:1028/130916.321:ERROR:util.cc(129)] Can't create base directory: C:\Program Files\Google\GoogleUpdater

10월 28, 2022 14:35:27.617 NEW SESSION
10월 28, 2022 14:35:27.617 [14012:7324:1028/143527.616:ERROR:device_event_log_impl.cc(214)] [14:35:27.616] Bluetooth: bluetooth_adapter_winrt.cc:1074 Getting Default Adapter failed.
10월 28, 2022 14:36:24.441 [14012:8948:1028/143624.441:ERROR:util.cc(129)] Can't create base directory: C:\Program Files\Google\GoogleUpdater
10월 28, 2022 14:38:41.433 [2408:6392:1028/143841.433:ERROR:device_event_log_impl.cc(214)] [14:38:41.432] Bluetooth: bluetooth_adapter_winrt.cc:1074 Getting Default Adapter failed.
10월 28, 2022 14:39:37.316 [2408:8260:1028/143937.316:ERROR:util.cc(129)] Can't create base directory: C:\Program Files\Google\GoogleUpdater
10월 28, 2022 14:40:30.593 [4272:4200:1028/144030.593:ERROR:device_event_log_impl.cc(214)] [14:40:30.593] Bluetooth: bluetooth_adapter_winrt.cc:1074 Getting Default Adapter failed.
10월 28, 2022 14:41:28.110 [4272:4416:1028/144128.110:ERROR:util.cc(129)] Can't create base directory: C:\Program Files\Google\GoogleUpdater
10월 28, 2022 14:48:11.994 [12136:13712:1028/144811.994:ERROR:device_event_log_impl.cc(214)] [14:48:11.994] Bluetooth: bluetooth_adapter_winrt.cc:1074 Getting Default Adapter failed.
10월 28, 2022 14:49:09.426 [12136:15160:1028/144909.426:ERROR:util.cc(129)] Can't create base directory: C:\Program Files\Google\GoogleUpdater
10월 28, 2022 15:03:44.747 [5912:664:1028/150344.747:ERROR:device_event_log_impl.cc(214)] [15:03:44.746] Bluetooth: bluetooth_adapter_winrt.cc:1074 Getting Default Adapter failed.

11월 01, 2022 16:15:33.770 NEW SESSION
11월 01, 2022 16:15:33.770 [3960:3360:1101/161533.760:ERROR:device_event_log_impl.cc(214)] [16:15:33.760] Bluetooth: bluetooth_adapter_winrt.cc:1074 Getting Default Adapter failed.
11월 01, 2022 16:15:49.358 [6288:8796:1101/161549.358:ERROR:device_event_log_impl.cc(214)] [16:15:49.358] Bluetooth: bluetooth_adapter_winrt.cc:1074 Getting Default Adapter failed.
11월 01, 2022 16:16:47.121 [6288:10168:1101/161647.121:ERROR:util.cc(129)] Can't create base directory: C:\Program Files\Google\GoogleUpdater
